[debug] [2025-11-22T05:52:39.619Z] [Firebase Plugin] Activating Firebase extension.
[debug] [2025-11-22T05:52:50.346Z] [Firebase Plugin] requireAuthWrapper
[debug] [2025-11-22T05:52:50.352Z] > command requires scopes: ["email","openid","https://www.googleapis.com/auth/cloudplatformprojects.readonly","https://www.googleapis.com/auth/firebase","https://www.googleapis.com/auth/cloud-platform"]
[debug] [2025-11-22T05:52:50.353Z] > authorizing via signed-in user (scott@swgszn.com)
[debug] [2025-11-22T05:52:50.360Z] Checked if tokens are valid: false, expires at: 1763695211108
[debug] [2025-11-22T05:52:50.361Z] Checked if tokens are valid: false, expires at: 1763695211108
[debug] [2025-11-22T05:52:50.361Z] > refreshing access token with scopes: []
[debug] [2025-11-22T05:52:50.364Z] >>> [apiv2][query] POST https://www.googleapis.com/oauth2/v3/token [none]
[debug] [2025-11-22T05:52:50.365Z] >>> [apiv2][body] POST https://www.googleapis.com/oauth2/v3/token [omitted]
[debug] [2025-11-22T05:52:50.414Z] [Firebase Plugin] VSCode notification server listening on port 40001
[debug] [2025-11-22T05:52:50.736Z] <<< [apiv2][status] POST https://www.googleapis.com/oauth2/v3/token 400
[debug] [2025-11-22T05:52:50.737Z] <<< [apiv2][body] POST https://www.googleapis.com/oauth2/v3/token [omitted]
[error] Authentication Error: Your credentials are no longer valid. Please run firebase login --reauth

For CI servers and headless environments, generate a new token with firebase login:ci
[error] Authentication Error: Your credentials are no longer valid. Please run firebase login --reauth

For CI servers and headless environments, generate a new token with firebase login:ci
[error] [Firebase Plugin] requireAuth error: Authentication Error: Your credentials are no longer valid. Please run firebase login --reauth

For CI servers and headless environments, generate a new token with firebase login:ci
[info] [Firebase Plugin] Starting Data Connect toolkit (version 2.17.0) on port 50001
[info] i  dataconnect: downloading dataconnect-emulator-2.17.0.exe... {"metadata":{"emulator":{"name":"dataconnect"},"message":"downloading dataconnect-emulator-2.17.0.exe..."}}
[debug] [2025-11-22T05:52:51.459Z] >>> [apiv2][query] GET https://storage.googleapis.com/firemat-preview-drop/emulator/dataconnect-emulator-windows-amd64-v2.17.0 
[debug] [2025-11-22T05:52:51.809Z] <<< [apiv2][status] GET https://storage.googleapis.com/firemat-preview-drop/emulator/dataconnect-emulator-windows-amd64-v2.17.0 200
[debug] [2025-11-22T05:52:51.809Z] <<< [apiv2][body] GET https://storage.googleapis.com/firemat-preview-drop/emulator/dataconnect-emulator-windows-amd64-v2.17.0 [stream]
[info] i  dataconnect: Removing outdated emulator files: dataconnect-emulator-2.17.1.exe {"metadata":{"emulator":{"name":"dataconnect"},"message":"Removing outdated emulator files: dataconnect-emulator-2.17.1.exe"}}
[debug] [2025-11-22T05:52:53.955Z] 'fdc build' failed with error: Unable to build your Data Connect schema and connectors (exit code 1): E1122 00:52:53.944528   41380 cmd.go:43] Error loading data connect config: could not find dataconnect.yaml in `c:\Users\scott\OneDrive\Desktop\desktop.stoicaf.co\dataconnect`
 {"metadata":{"emulator":{"name":"dataconnect"},"message":"'fdc build' failed with error: Unable to build your Data Connect schema and connectors (exit code 1): E1122 00:52:53.944528   41380 cmd.go:43] Error loading data connect config: could not find dataconnect.yaml in `c:\\Users\\scott\\OneDrive\\Desktop\\desktop.stoicaf.co\\dataconnect`\n"}}
[debug] [2025-11-22T05:52:53.957Z] Ignoring unsupported arg: auto_download {"metadata":{"emulator":{"name":"dataconnect"},"message":"Ignoring unsupported arg: auto_download"}}
[debug] [2025-11-22T05:52:53.957Z] Ignoring unsupported arg: port {"metadata":{"emulator":{"name":"dataconnect"},"message":"Ignoring unsupported arg: port"}}
[debug] [2025-11-22T05:52:53.957Z] Starting Data Connect Emulator with command {"binary":"C:\\Users\\scott\\.cache\\firebase\\emulators\\dataconnect-emulator-2.17.0.exe","args":["--logtostderr","-v=2","dev","--listen=localhost:50001","--config_dir=c:\\Users\\scott\\OneDrive\\Desktop\\desktop.stoicaf.co\\dataconnect","--enable_output_schema_extensions=true","--enable_output_generated_sdk=true"],"optionalArgs":["listen","config_dir","enable_output_schema_extensions","enable_output_generated_sdk"],"joinArgs":true,"shell":false,"port":9399} {"metadata":{"emulator":{"name":"dataconnect"},"message":"Starting Data Connect Emulator with command {\"binary\":\"C:\\\\Users\\\\scott\\\\.cache\\\\firebase\\\\emulators\\\\dataconnect-emulator-2.17.0.exe\",\"args\":[\"--logtostderr\",\"-v=2\",\"dev\",\"--listen=localhost:50001\",\"--config_dir=c:\\\\Users\\\\scott\\\\OneDrive\\\\Desktop\\\\desktop.stoicaf.co\\\\dataconnect\",\"--enable_output_schema_extensions=true\",\"--enable_output_generated_sdk=true\"],\"optionalArgs\":[\"listen\",\"config_dir\",\"enable_output_schema_extensions\",\"enable_output_generated_sdk\"],\"joinArgs\":true,\"shell\":false,\"port\":9399}"}}
[info] i  dataconnect: Data Connect Emulator logging to dataconnect-debug.log {"metadata":{"emulator":{"name":"dataconnect"},"message":"Data Connect Emulator logging to \u001b[1mdataconnect-debug.log\u001b[22m"}}
[debug] [2025-11-22T05:52:54.039Z] E1122 00:52:54.038335   50396 dev.go:82] Failed to load initial config from "c:\\Users\\scott\\OneDrive\\Desktop\\desktop.stoicaf.co\\dataconnect": could not find dataconnect.yaml in `c:\Users\scott\OneDrive\Desktop\desktop.stoicaf.co\dataconnect`
 {"metadata":{"emulator":{"name":"dataconnect"},"message":"E1122 00:52:54.038335   50396 dev.go:82] Failed to load initial config from \"c:\\\\Users\\\\scott\\\\OneDrive\\\\Desktop\\\\desktop.stoicaf.co\\\\dataconnect\": could not find dataconnect.yaml in `c:\\Users\\scott\\OneDrive\\Desktop\\desktop.stoicaf.co\\dataconnect`\n"}}
[debug] [2025-11-22T05:52:54.042Z] E1122 00:52:54.041168   50396 watch.go:102] watchAllDir unable to walk dir `c:\Users\scott\OneDrive\Desktop\desktop.stoicaf.co\dataconnect`: CreateFile c:\Users\scott\OneDrive\Desktop\desktop.stoicaf.co\dataconnect: The system cannot find the file specified.
 {"metadata":{"emulator":{"name":"dataconnect"},"message":"E1122 00:52:54.041168   50396 watch.go:102] watchAllDir unable to walk dir `c:\\Users\\scott\\OneDrive\\Desktop\\desktop.stoicaf.co\\dataconnect`: CreateFile c:\\Users\\scott\\OneDrive\\Desktop\\desktop.stoicaf.co\\dataconnect: The system cannot find the file specified.\n"}}
[debug] [2025-11-22T05:52:54.157Z] I1122 00:52:54.157501   50396 dev.go:105] Listening on address (HTTP + gRPC): 127.0.0.1:50001
 {"metadata":{"emulator":{"name":"dataconnect"},"message":"I1122 00:52:54.157501   50396 dev.go:105] Listening on address (HTTP + gRPC): 127.0.0.1:50001\n"}}
[error] [Firebase Plugin] error:  {}
[debug] [2025-11-22T05:53:04.042Z] E1122 00:53:04.042394   50396 watch.go:31] Failed to load config from "c:\\Users\\scott\\OneDrive\\Desktop\\desktop.stoicaf.co\\dataconnect": could not find dataconnect.yaml in `c:\Users\scott\OneDrive\Desktop\desktop.stoicaf.co\dataconnect`
 {"metadata":{"emulator":{"name":"dataconnect"},"message":"E1122 00:53:04.042394   50396 watch.go:31] Failed to load config from \"c:\\\\Users\\\\scott\\\\OneDrive\\\\Desktop\\\\desktop.stoicaf.co\\\\dataconnect\": could not find dataconnect.yaml in `c:\\Users\\scott\\OneDrive\\Desktop\\desktop.stoicaf.co\\dataconnect`\n"}}
[debug] [2025-11-22T05:53:14.043Z] E1122 00:53:14.042585   50396 watch.go:31] Failed to load config from "c:\\Users\\scott\\OneDrive\\Desktop\\desktop.stoicaf.co\\dataconnect": could not find dataconnect.yaml in `c:\Users\scott\OneDrive\Desktop\desktop.stoicaf.co\dataconnect`
 {"metadata":{"emulator":{"name":"dataconnect"},"message":"E1122 00:53:14.042585   50396 watch.go:31] Failed to load config from \"c:\\\\Users\\\\scott\\\\OneDrive\\\\Desktop\\\\desktop.stoicaf.co\\\\dataconnect\": could not find dataconnect.yaml in `c:\\Users\\scott\\OneDrive\\Desktop\\desktop.stoicaf.co\\dataconnect`\n"}}
[debug] [2025-11-22T05:53:24.042Z] E1122 00:53:24.042179   50396 watch.go:31] Failed to load config from "c:\\Users\\scott\\OneDrive\\Desktop\\desktop.stoicaf.co\\dataconnect": could not find dataconnect.yaml in `c:\Users\scott\OneDrive\Desktop\desktop.stoicaf.co\dataconnect`
 {"metadata":{"emulator":{"name":"dataconnect"},"message":"E1122 00:53:24.042179   50396 watch.go:31] Failed to load config from \"c:\\\\Users\\\\scott\\\\OneDrive\\\\Desktop\\\\desktop.stoicaf.co\\\\dataconnect\": could not find dataconnect.yaml in `c:\\Users\\scott\\OneDrive\\Desktop\\desktop.stoicaf.co\\dataconnect`\n"}}
[debug] [2025-11-22T05:53:34.042Z] E1122 00:53:34.042674   50396 watch.go:31] Failed to load config from "c:\\Users\\scott\\OneDrive\\Desktop\\desktop.stoicaf.co\\dataconnect": could not find dataconnect.yaml in `c:\Users\scott\OneDrive\Desktop\desktop.stoicaf.co\dataconnect`
 {"metadata":{"emulator":{"name":"dataconnect"},"message":"E1122 00:53:34.042674   50396 watch.go:31] Failed to load config from \"c:\\\\Users\\\\scott\\\\OneDrive\\\\Desktop\\\\desktop.stoicaf.co\\\\dataconnect\": could not find dataconnect.yaml in `c:\\Users\\scott\\OneDrive\\Desktop\\desktop.stoicaf.co\\dataconnect`\n"}}
[debug] [2025-11-22T05:53:44.043Z] E1122 00:53:44.043980   50396 watch.go:31] Failed to load config from "c:\\Users\\scott\\OneDrive\\Desktop\\desktop.stoicaf.co\\dataconnect": could not find dataconnect.yaml in `c:\Users\scott\OneDrive\Desktop\desktop.stoicaf.co\dataconnect`
 {"metadata":{"emulator":{"name":"dataconnect"},"message":"E1122 00:53:44.043980   50396 watch.go:31] Failed to load config from \"c:\\\\Users\\\\scott\\\\OneDrive\\\\Desktop\\\\desktop.stoicaf.co\\\\dataconnect\": could not find dataconnect.yaml in `c:\\Users\\scott\\OneDrive\\Desktop\\desktop.stoicaf.co\\dataconnect`\n"}}
[debug] [2025-11-22T05:53:54.041Z] E1122 00:53:54.042028   50396 watch.go:31] Failed to load config from "c:\\Users\\scott\\OneDrive\\Desktop\\desktop.stoicaf.co\\dataconnect": could not find dataconnect.yaml in `c:\Users\scott\OneDrive\Desktop\desktop.stoicaf.co\dataconnect`
 {"metadata":{"emulator":{"name":"dataconnect"},"message":"E1122 00:53:54.042028   50396 watch.go:31] Failed to load config from \"c:\\\\Users\\\\scott\\\\OneDrive\\\\Desktop\\\\desktop.stoicaf.co\\\\dataconnect\": could not find dataconnect.yaml in `c:\\Users\\scott\\OneDrive\\Desktop\\desktop.stoicaf.co\\dataconnect`\n"}}
[debug] [2025-11-22T05:54:04.042Z] E1122 00:54:04.042378   50396 watch.go:31] Failed to load config from "c:\\Users\\scott\\OneDrive\\Desktop\\desktop.stoicaf.co\\dataconnect": could not find dataconnect.yaml in `c:\Users\scott\OneDrive\Desktop\desktop.stoicaf.co\dataconnect`
 {"metadata":{"emulator":{"name":"dataconnect"},"message":"E1122 00:54:04.042378   50396 watch.go:31] Failed to load config from \"c:\\\\Users\\\\scott\\\\OneDrive\\\\Desktop\\\\desktop.stoicaf.co\\\\dataconnect\": could not find dataconnect.yaml in `c:\\Users\\scott\\OneDrive\\Desktop\\desktop.stoicaf.co\\dataconnect`\n"}}
[debug] [2025-11-22T05:54:14.043Z] E1122 00:54:14.043215   50396 watch.go:31] Failed to load config from "c:\\Users\\scott\\OneDrive\\Desktop\\desktop.stoicaf.co\\dataconnect": could not find dataconnect.yaml in `c:\Users\scott\OneDrive\Desktop\desktop.stoicaf.co\dataconnect`
 {"metadata":{"emulator":{"name":"dataconnect"},"message":"E1122 00:54:14.043215   50396 watch.go:31] Failed to load config from \"c:\\\\Users\\\\scott\\\\OneDrive\\\\Desktop\\\\desktop.stoicaf.co\\\\dataconnect\": could not find dataconnect.yaml in `c:\\Users\\scott\\OneDrive\\Desktop\\desktop.stoicaf.co\\dataconnect`\n"}}
[debug] [2025-11-22T05:54:24.042Z] E1122 00:54:24.042164   50396 watch.go:31] Failed to load config from "c:\\Users\\scott\\OneDrive\\Desktop\\desktop.stoicaf.co\\dataconnect": could not find dataconnect.yaml in `c:\Users\scott\OneDrive\Desktop\desktop.stoicaf.co\dataconnect`
 {"metadata":{"emulator":{"name":"dataconnect"},"message":"E1122 00:54:24.042164   50396 watch.go:31] Failed to load config from \"c:\\\\Users\\\\scott\\\\OneDrive\\\\Desktop\\\\desktop.stoicaf.co\\\\dataconnect\": could not find dataconnect.yaml in `c:\\Users\\scott\\OneDrive\\Desktop\\desktop.stoicaf.co\\dataconnect`\n"}}
[debug] [2025-11-22T05:54:34.046Z] E1122 00:54:34.046582   50396 watch.go:31] Failed to load config from "c:\\Users\\scott\\OneDrive\\Desktop\\desktop.stoicaf.co\\dataconnect": could not find dataconnect.yaml in `c:\Users\scott\OneDrive\Desktop\desktop.stoicaf.co\dataconnect`
 {"metadata":{"emulator":{"name":"dataconnect"},"message":"E1122 00:54:34.046582   50396 watch.go:31] Failed to load config from \"c:\\\\Users\\\\scott\\\\OneDrive\\\\Desktop\\\\desktop.stoicaf.co\\\\dataconnect\": could not find dataconnect.yaml in `c:\\Users\\scott\\OneDrive\\Desktop\\desktop.stoicaf.co\\dataconnect`\n"}}
[debug] [2025-11-22T05:54:44.042Z] E1122 00:54:44.042456   50396 watch.go:31] Failed to load config from "c:\\Users\\scott\\OneDrive\\Desktop\\desktop.stoicaf.co\\dataconnect": could not find dataconnect.yaml in `c:\Users\scott\OneDrive\Desktop\desktop.stoicaf.co\dataconnect`
 {"metadata":{"emulator":{"name":"dataconnect"},"message":"E1122 00:54:44.042456   50396 watch.go:31] Failed to load config from \"c:\\\\Users\\\\scott\\\\OneDrive\\\\Desktop\\\\desktop.stoicaf.co\\\\dataconnect\": could not find dataconnect.yaml in `c:\\Users\\scott\\OneDrive\\Desktop\\desktop.stoicaf.co\\dataconnect`\n"}}
[debug] [2025-11-22T05:54:54.053Z] E1122 00:54:54.053650   50396 watch.go:31] Failed to load config from "c:\\Users\\scott\\OneDrive\\Desktop\\desktop.stoicaf.co\\dataconnect": could not find dataconnect.yaml in `c:\Users\scott\OneDrive\Desktop\desktop.stoicaf.co\dataconnect`
E1122 00:54:54.053650   50396 watch.go:102] watchAllDir unable to walk dir `c:\Users\scott\OneDrive\Desktop\desktop.stoicaf.co\dataconnect`: CreateFile c:\Users\scott\OneDrive\Desktop\desktop.stoicaf.co\dataconnect: The system cannot find the file specified.
 {"metadata":{"emulator":{"name":"dataconnect"},"message":"E1122 00:54:54.053650   50396 watch.go:31] Failed to load config from \"c:\\\\Users\\\\scott\\\\OneDrive\\\\Desktop\\\\desktop.stoicaf.co\\\\dataconnect\": could not find dataconnect.yaml in `c:\\Users\\scott\\OneDrive\\Desktop\\desktop.stoicaf.co\\dataconnect`\nE1122 00:54:54.053650   50396 watch.go:102] watchAllDir unable to walk dir `c:\\Users\\scott\\OneDrive\\Desktop\\desktop.stoicaf.co\\dataconnect`: CreateFile c:\\Users\\scott\\OneDrive\\Desktop\\desktop.stoicaf.co\\dataconnect: The system cannot find the file specified.\n"}}
[debug] [2025-11-22T05:55:04.042Z] E1122 00:55:04.042044   50396 watch.go:31] Failed to load config from "c:\\Users\\scott\\OneDrive\\Desktop\\desktop.stoicaf.co\\dataconnect": could not find dataconnect.yaml in `c:\Users\scott\OneDrive\Desktop\desktop.stoicaf.co\dataconnect`
 {"metadata":{"emulator":{"name":"dataconnect"},"message":"E1122 00:55:04.042044   50396 watch.go:31] Failed to load config from \"c:\\\\Users\\\\scott\\\\OneDrive\\\\Desktop\\\\desktop.stoicaf.co\\\\dataconnect\": could not find dataconnect.yaml in `c:\\Users\\scott\\OneDrive\\Desktop\\desktop.stoicaf.co\\dataconnect`\n"}}
[debug] [2025-11-22T05:55:14.042Z] E1122 00:55:14.042454   50396 watch.go:31] Failed to load config from "c:\\Users\\scott\\OneDrive\\Desktop\\desktop.stoicaf.co\\dataconnect": could not find dataconnect.yaml in `c:\Users\scott\OneDrive\Desktop\desktop.stoicaf.co\dataconnect`
 {"metadata":{"emulator":{"name":"dataconnect"},"message":"E1122 00:55:14.042454   50396 watch.go:31] Failed to load config from \"c:\\\\Users\\\\scott\\\\OneDrive\\\\Desktop\\\\desktop.stoicaf.co\\\\dataconnect\": could not find dataconnect.yaml in `c:\\Users\\scott\\OneDrive\\Desktop\\desktop.stoicaf.co\\dataconnect`\n"}}
[debug] [2025-11-22T05:55:24.043Z] E1122 00:55:24.043829   50396 watch.go:31] Failed to load config from "c:\\Users\\scott\\OneDrive\\Desktop\\desktop.stoicaf.co\\dataconnect": could not find dataconnect.yaml in `c:\Users\scott\OneDrive\Desktop\desktop.stoicaf.co\dataconnect`
 {"metadata":{"emulator":{"name":"dataconnect"},"message":"E1122 00:55:24.043829   50396 watch.go:31] Failed to load config from \"c:\\\\Users\\\\scott\\\\OneDrive\\\\Desktop\\\\desktop.stoicaf.co\\\\dataconnect\": could not find dataconnect.yaml in `c:\\Users\\scott\\OneDrive\\Desktop\\desktop.stoicaf.co\\dataconnect`\n"}}
[debug] [2025-11-22T05:55:34.043Z] E1122 00:55:34.042700   50396 watch.go:31] Failed to load config from "c:\\Users\\scott\\OneDrive\\Desktop\\desktop.stoicaf.co\\dataconnect": could not find dataconnect.yaml in `c:\Users\scott\OneDrive\Desktop\desktop.stoicaf.co\dataconnect`
 {"metadata":{"emulator":{"name":"dataconnect"},"message":"E1122 00:55:34.042700   50396 watch.go:31] Failed to load config from \"c:\\\\Users\\\\scott\\\\OneDrive\\\\Desktop\\\\desktop.stoicaf.co\\\\dataconnect\": could not find dataconnect.yaml in `c:\\Users\\scott\\OneDrive\\Desktop\\desktop.stoicaf.co\\dataconnect`\n"}}
[debug] [2025-11-22T05:55:44.042Z] E1122 00:55:44.042561   50396 watch.go:31] Failed to load config from "c:\\Users\\scott\\OneDrive\\Desktop\\desktop.stoicaf.co\\dataconnect": could not find dataconnect.yaml in `c:\Users\scott\OneDrive\Desktop\desktop.stoicaf.co\dataconnect`
 {"metadata":{"emulator":{"name":"dataconnect"},"message":"E1122 00:55:44.042561   50396 watch.go:31] Failed to load config from \"c:\\\\Users\\\\scott\\\\OneDrive\\\\Desktop\\\\desktop.stoicaf.co\\\\dataconnect\": could not find dataconnect.yaml in `c:\\Users\\scott\\OneDrive\\Desktop\\desktop.stoicaf.co\\dataconnect`\n"}}
[debug] [2025-11-22T05:55:54.042Z] E1122 00:55:54.042332   50396 watch.go:31] Failed to load config from "c:\\Users\\scott\\OneDrive\\Desktop\\desktop.stoicaf.co\\dataconnect": could not find dataconnect.yaml in `c:\Users\scott\OneDrive\Desktop\desktop.stoicaf.co\dataconnect`
 {"metadata":{"emulator":{"name":"dataconnect"},"message":"E1122 00:55:54.042332   50396 watch.go:31] Failed to load config from \"c:\\\\Users\\\\scott\\\\OneDrive\\\\Desktop\\\\desktop.stoicaf.co\\\\dataconnect\": could not find dataconnect.yaml in `c:\\Users\\scott\\OneDrive\\Desktop\\desktop.stoicaf.co\\dataconnect`\n"}}
[debug] [2025-11-22T05:56:04.042Z] E1122 00:56:04.042283   50396 watch.go:31] Failed to load config from "c:\\Users\\scott\\OneDrive\\Desktop\\desktop.stoicaf.co\\dataconnect": could not find dataconnect.yaml in `c:\Users\scott\OneDrive\Desktop\desktop.stoicaf.co\dataconnect`
 {"metadata":{"emulator":{"name":"dataconnect"},"message":"E1122 00:56:04.042283   50396 watch.go:31] Failed to load config from \"c:\\\\Users\\\\scott\\\\OneDrive\\\\Desktop\\\\desktop.stoicaf.co\\\\dataconnect\": could not find dataconnect.yaml in `c:\\Users\\scott\\OneDrive\\Desktop\\desktop.stoicaf.co\\dataconnect`\n"}}
[debug] [2025-11-22T05:56:14.042Z] E1122 00:56:14.042519   50396 watch.go:31] Failed to load config from "c:\\Users\\scott\\OneDrive\\Desktop\\desktop.stoicaf.co\\dataconnect": could not find dataconnect.yaml in `c:\Users\scott\OneDrive\Desktop\desktop.stoicaf.co\dataconnect`
 {"metadata":{"emulator":{"name":"dataconnect"},"message":"E1122 00:56:14.042519   50396 watch.go:31] Failed to load config from \"c:\\\\Users\\\\scott\\\\OneDrive\\\\Desktop\\\\desktop.stoicaf.co\\\\dataconnect\": could not find dataconnect.yaml in `c:\\Users\\scott\\OneDrive\\Desktop\\desktop.stoicaf.co\\dataconnect`\n"}}
[debug] [2025-11-22T05:56:24.043Z] E1122 00:56:24.042693   50396 watch.go:31] Failed to load config from "c:\\Users\\scott\\OneDrive\\Desktop\\desktop.stoicaf.co\\dataconnect": could not find dataconnect.yaml in `c:\Users\scott\OneDrive\Desktop\desktop.stoicaf.co\dataconnect`
 {"metadata":{"emulator":{"name":"dataconnect"},"message":"E1122 00:56:24.042693   50396 watch.go:31] Failed to load config from \"c:\\\\Users\\\\scott\\\\OneDrive\\\\Desktop\\\\desktop.stoicaf.co\\\\dataconnect\": could not find dataconnect.yaml in `c:\\Users\\scott\\OneDrive\\Desktop\\desktop.stoicaf.co\\dataconnect`\n"}}
[debug] [2025-11-22T05:56:34.043Z] E1122 00:56:34.042946   50396 watch.go:31] Failed to load config from "c:\\Users\\scott\\OneDrive\\Desktop\\desktop.stoicaf.co\\dataconnect": could not find dataconnect.yaml in `c:\Users\scott\OneDrive\Desktop\desktop.stoicaf.co\dataconnect`
 {"metadata":{"emulator":{"name":"dataconnect"},"message":"E1122 00:56:34.042946   50396 watch.go:31] Failed to load config from \"c:\\\\Users\\\\scott\\\\OneDrive\\\\Desktop\\\\desktop.stoicaf.co\\\\dataconnect\": could not find dataconnect.yaml in `c:\\Users\\scott\\OneDrive\\Desktop\\desktop.stoicaf.co\\dataconnect`\n"}}
[debug] [2025-11-22T05:56:44.043Z] E1122 00:56:44.042984   50396 watch.go:31] Failed to load config from "c:\\Users\\scott\\OneDrive\\Desktop\\desktop.stoicaf.co\\dataconnect": could not find dataconnect.yaml in `c:\Users\scott\OneDrive\Desktop\desktop.stoicaf.co\dataconnect`
 {"metadata":{"emulator":{"name":"dataconnect"},"message":"E1122 00:56:44.042984   50396 watch.go:31] Failed to load config from \"c:\\\\Users\\\\scott\\\\OneDrive\\\\Desktop\\\\desktop.stoicaf.co\\\\dataconnect\": could not find dataconnect.yaml in `c:\\Users\\scott\\OneDrive\\Desktop\\desktop.stoicaf.co\\dataconnect`\n"}}
[debug] [2025-11-22T05:56:54.042Z] E1122 00:56:54.042280   50396 watch.go:31] Failed to load config from "c:\\Users\\scott\\OneDrive\\Desktop\\desktop.stoicaf.co\\dataconnect": could not find dataconnect.yaml in `c:\Users\scott\OneDrive\Desktop\desktop.stoicaf.co\dataconnect`
E1122 00:56:54.042280   50396 watch.go:102] watchAllDir unable to walk dir `c:\Users\scott\OneDrive\Desktop\desktop.stoicaf.co\dataconnect`: CreateFile c:\Users\scott\OneDrive\Desktop\desktop.stoicaf.co\dataconnect: The system cannot find the file specified.
 {"metadata":{"emulator":{"name":"dataconnect"},"message":"E1122 00:56:54.042280   50396 watch.go:31] Failed to load config from \"c:\\\\Users\\\\scott\\\\OneDrive\\\\Desktop\\\\desktop.stoicaf.co\\\\dataconnect\": could not find dataconnect.yaml in `c:\\Users\\scott\\OneDrive\\Desktop\\desktop.stoicaf.co\\dataconnect`\nE1122 00:56:54.042280   50396 watch.go:102] watchAllDir unable to walk dir `c:\\Users\\scott\\OneDrive\\Desktop\\desktop.stoicaf.co\\dataconnect`: CreateFile c:\\Users\\scott\\OneDrive\\Desktop\\desktop.stoicaf.co\\dataconnect: The system cannot find the file specified.\n"}}
[debug] [2025-11-22T05:57:04.042Z] E1122 00:57:04.041873   50396 watch.go:31] Failed to load config from "c:\\Users\\scott\\OneDrive\\Desktop\\desktop.stoicaf.co\\dataconnect": could not find dataconnect.yaml in `c:\Users\scott\OneDrive\Desktop\desktop.stoicaf.co\dataconnect`
 {"metadata":{"emulator":{"name":"dataconnect"},"message":"E1122 00:57:04.041873   50396 watch.go:31] Failed to load config from \"c:\\\\Users\\\\scott\\\\OneDrive\\\\Desktop\\\\desktop.stoicaf.co\\\\dataconnect\": could not find dataconnect.yaml in `c:\\Users\\scott\\OneDrive\\Desktop\\desktop.stoicaf.co\\dataconnect`\n"}}
[debug] [2025-11-22T05:57:14.050Z] E1122 00:57:14.050025   50396 watch.go:31] Failed to load config from "c:\\Users\\scott\\OneDrive\\Desktop\\desktop.stoicaf.co\\dataconnect": could not find dataconnect.yaml in `c:\Users\scott\OneDrive\Desktop\desktop.stoicaf.co\dataconnect`
 {"metadata":{"emulator":{"name":"dataconnect"},"message":"E1122 00:57:14.050025   50396 watch.go:31] Failed to load config from \"c:\\\\Users\\\\scott\\\\OneDrive\\\\Desktop\\\\desktop.stoicaf.co\\\\dataconnect\": could not find dataconnect.yaml in `c:\\Users\\scott\\OneDrive\\Desktop\\desktop.stoicaf.co\\dataconnect`\n"}}
[debug] [2025-11-22T05:57:24.044Z] E1122 00:57:24.043712   50396 watch.go:31] Failed to load config from "c:\\Users\\scott\\OneDrive\\Desktop\\desktop.stoicaf.co\\dataconnect": could not find dataconnect.yaml in `c:\Users\scott\OneDrive\Desktop\desktop.stoicaf.co\dataconnect`
 {"metadata":{"emulator":{"name":"dataconnect"},"message":"E1122 00:57:24.043712   50396 watch.go:31] Failed to load config from \"c:\\\\Users\\\\scott\\\\OneDrive\\\\Desktop\\\\desktop.stoicaf.co\\\\dataconnect\": could not find dataconnect.yaml in `c:\\Users\\scott\\OneDrive\\Desktop\\desktop.stoicaf.co\\dataconnect`\n"}}
[debug] [2025-11-22T05:57:34.041Z] E1122 00:57:34.041865   50396 watch.go:31] Failed to load config from "c:\\Users\\scott\\OneDrive\\Desktop\\desktop.stoicaf.co\\dataconnect": could not find dataconnect.yaml in `c:\Users\scott\OneDrive\Desktop\desktop.stoicaf.co\dataconnect`
 {"metadata":{"emulator":{"name":"dataconnect"},"message":"E1122 00:57:34.041865   50396 watch.go:31] Failed to load config from \"c:\\\\Users\\\\scott\\\\OneDrive\\\\Desktop\\\\desktop.stoicaf.co\\\\dataconnect\": could not find dataconnect.yaml in `c:\\Users\\scott\\OneDrive\\Desktop\\desktop.stoicaf.co\\dataconnect`\n"}}
[debug] [2025-11-22T05:57:44.043Z] E1122 00:57:44.041762   50396 watch.go:31] Failed to load config from "c:\\Users\\scott\\OneDrive\\Desktop\\desktop.stoicaf.co\\dataconnect": could not find dataconnect.yaml in `c:\Users\scott\OneDrive\Desktop\desktop.stoicaf.co\dataconnect`
 {"metadata":{"emulator":{"name":"dataconnect"},"message":"E1122 00:57:44.041762   50396 watch.go:31] Failed to load config from \"c:\\\\Users\\\\scott\\\\OneDrive\\\\Desktop\\\\desktop.stoicaf.co\\\\dataconnect\": could not find dataconnect.yaml in `c:\\Users\\scott\\OneDrive\\Desktop\\desktop.stoicaf.co\\dataconnect`\n"}}
[debug] [2025-11-22T05:57:54.041Z] E1122 00:57:54.041432   50396 watch.go:31] Failed to load config from "c:\\Users\\scott\\OneDrive\\Desktop\\desktop.stoicaf.co\\dataconnect": could not find dataconnect.yaml in `c:\Users\scott\OneDrive\Desktop\desktop.stoicaf.co\dataconnect`
 {"metadata":{"emulator":{"name":"dataconnect"},"message":"E1122 00:57:54.041432   50396 watch.go:31] Failed to load config from \"c:\\\\Users\\\\scott\\\\OneDrive\\\\Desktop\\\\desktop.stoicaf.co\\\\dataconnect\": could not find dataconnect.yaml in `c:\\Users\\scott\\OneDrive\\Desktop\\desktop.stoicaf.co\\dataconnect`\n"}}
[debug] [2025-11-22T05:58:04.042Z] E1122 00:58:04.042023   50396 watch.go:31] Failed to load config from "c:\\Users\\scott\\OneDrive\\Desktop\\desktop.stoicaf.co\\dataconnect": could not find dataconnect.yaml in `c:\Users\scott\OneDrive\Desktop\desktop.stoicaf.co\dataconnect`
 {"metadata":{"emulator":{"name":"dataconnect"},"message":"E1122 00:58:04.042023   50396 watch.go:31] Failed to load config from \"c:\\\\Users\\\\scott\\\\OneDrive\\\\Desktop\\\\desktop.stoicaf.co\\\\dataconnect\": could not find dataconnect.yaml in `c:\\Users\\scott\\OneDrive\\Desktop\\desktop.stoicaf.co\\dataconnect`\n"}}
[debug] [2025-11-22T05:58:14.043Z] E1122 00:58:14.043015   50396 watch.go:31] Failed to load config from "c:\\Users\\scott\\OneDrive\\Desktop\\desktop.stoicaf.co\\dataconnect": could not find dataconnect.yaml in `c:\Users\scott\OneDrive\Desktop\desktop.stoicaf.co\dataconnect`
 {"metadata":{"emulator":{"name":"dataconnect"},"message":"E1122 00:58:14.043015   50396 watch.go:31] Failed to load config from \"c:\\\\Users\\\\scott\\\\OneDrive\\\\Desktop\\\\desktop.stoicaf.co\\\\dataconnect\": could not find dataconnect.yaml in `c:\\Users\\scott\\OneDrive\\Desktop\\desktop.stoicaf.co\\dataconnect`\n"}}
[debug] [2025-11-22T05:58:24.041Z] E1122 00:58:24.041549   50396 watch.go:31] Failed to load config from "c:\\Users\\scott\\OneDrive\\Desktop\\desktop.stoicaf.co\\dataconnect": could not find dataconnect.yaml in `c:\Users\scott\OneDrive\Desktop\desktop.stoicaf.co\dataconnect`
 {"metadata":{"emulator":{"name":"dataconnect"},"message":"E1122 00:58:24.041549   50396 watch.go:31] Failed to load config from \"c:\\\\Users\\\\scott\\\\OneDrive\\\\Desktop\\\\desktop.stoicaf.co\\\\dataconnect\": could not find dataconnect.yaml in `c:\\Users\\scott\\OneDrive\\Desktop\\desktop.stoicaf.co\\dataconnect`\n"}}
[debug] [2025-11-22T05:58:34.041Z] E1122 00:58:34.041914   50396 watch.go:31] Failed to load config from "c:\\Users\\scott\\OneDrive\\Desktop\\desktop.stoicaf.co\\dataconnect": could not find dataconnect.yaml in `c:\Users\scott\OneDrive\Desktop\desktop.stoicaf.co\dataconnect`
 {"metadata":{"emulator":{"name":"dataconnect"},"message":"E1122 00:58:34.041914   50396 watch.go:31] Failed to load config from \"c:\\\\Users\\\\scott\\\\OneDrive\\\\Desktop\\\\desktop.stoicaf.co\\\\dataconnect\": could not find dataconnect.yaml in `c:\\Users\\scott\\OneDrive\\Desktop\\desktop.stoicaf.co\\dataconnect`\n"}}
[debug] [2025-11-22T05:58:44.042Z] E1122 00:58:44.042059   50396 watch.go:31] Failed to load config from "c:\\Users\\scott\\OneDrive\\Desktop\\desktop.stoicaf.co\\dataconnect": could not find dataconnect.yaml in `c:\Users\scott\OneDrive\Desktop\desktop.stoicaf.co\dataconnect`
 {"metadata":{"emulator":{"name":"dataconnect"},"message":"E1122 00:58:44.042059   50396 watch.go:31] Failed to load config from \"c:\\\\Users\\\\scott\\\\OneDrive\\\\Desktop\\\\desktop.stoicaf.co\\\\dataconnect\": could not find dataconnect.yaml in `c:\\Users\\scott\\OneDrive\\Desktop\\desktop.stoicaf.co\\dataconnect`\n"}}
[debug] [2025-11-22T05:58:54.041Z] E1122 00:58:54.041614   50396 watch.go:31] Failed to load config from "c:\\Users\\scott\\OneDrive\\Desktop\\desktop.stoicaf.co\\dataconnect": could not find dataconnect.yaml in `c:\Users\scott\OneDrive\Desktop\desktop.stoicaf.co\dataconnect`
 {"metadata":{"emulator":{"name":"dataconnect"},"message":"E1122 00:58:54.041614   50396 watch.go:31] Failed to load config from \"c:\\\\Users\\\\scott\\\\OneDrive\\\\Desktop\\\\desktop.stoicaf.co\\\\dataconnect\": could not find dataconnect.yaml in `c:\\Users\\scott\\OneDrive\\Desktop\\desktop.stoicaf.co\\dataconnect`\n"}}
[debug] [2025-11-22T05:58:54.042Z] E1122 00:58:54.042132   50396 watch.go:102] watchAllDir unable to walk dir `c:\Users\scott\OneDrive\Desktop\desktop.stoicaf.co\dataconnect`: CreateFile c:\Users\scott\OneDrive\Desktop\desktop.stoicaf.co\dataconnect: The system cannot find the file specified.
 {"metadata":{"emulator":{"name":"dataconnect"},"message":"E1122 00:58:54.042132   50396 watch.go:102] watchAllDir unable to walk dir `c:\\Users\\scott\\OneDrive\\Desktop\\desktop.stoicaf.co\\dataconnect`: CreateFile c:\\Users\\scott\\OneDrive\\Desktop\\desktop.stoicaf.co\\dataconnect: The system cannot find the file specified.\n"}}
[debug] [2025-11-22T05:59:04.041Z] E1122 00:59:04.041495   50396 watch.go:31] Failed to load config from "c:\\Users\\scott\\OneDrive\\Desktop\\desktop.stoicaf.co\\dataconnect": could not find dataconnect.yaml in `c:\Users\scott\OneDrive\Desktop\desktop.stoicaf.co\dataconnect`
 {"metadata":{"emulator":{"name":"dataconnect"},"message":"E1122 00:59:04.041495   50396 watch.go:31] Failed to load config from \"c:\\\\Users\\\\scott\\\\OneDrive\\\\Desktop\\\\desktop.stoicaf.co\\\\dataconnect\": could not find dataconnect.yaml in `c:\\Users\\scott\\OneDrive\\Desktop\\desktop.stoicaf.co\\dataconnect`\n"}}
[debug] [2025-11-22T05:59:14.041Z] E1122 00:59:14.041370   50396 watch.go:31] Failed to load config from "c:\\Users\\scott\\OneDrive\\Desktop\\desktop.stoicaf.co\\dataconnect": could not find dataconnect.yaml in `c:\Users\scott\OneDrive\Desktop\desktop.stoicaf.co\dataconnect`
 {"metadata":{"emulator":{"name":"dataconnect"},"message":"E1122 00:59:14.041370   50396 watch.go:31] Failed to load config from \"c:\\\\Users\\\\scott\\\\OneDrive\\\\Desktop\\\\desktop.stoicaf.co\\\\dataconnect\": could not find dataconnect.yaml in `c:\\Users\\scott\\OneDrive\\Desktop\\desktop.stoicaf.co\\dataconnect`\n"}}
[debug] [2025-11-22T05:59:24.042Z] E1122 00:59:24.042290   50396 watch.go:31] Failed to load config from "c:\\Users\\scott\\OneDrive\\Desktop\\desktop.stoicaf.co\\dataconnect": could not find dataconnect.yaml in `c:\Users\scott\OneDrive\Desktop\desktop.stoicaf.co\dataconnect`
 {"metadata":{"emulator":{"name":"dataconnect"},"message":"E1122 00:59:24.042290   50396 watch.go:31] Failed to load config from \"c:\\\\Users\\\\scott\\\\OneDrive\\\\Desktop\\\\desktop.stoicaf.co\\\\dataconnect\": could not find dataconnect.yaml in `c:\\Users\\scott\\OneDrive\\Desktop\\desktop.stoicaf.co\\dataconnect`\n"}}
[debug] [2025-11-22T05:59:34.042Z] E1122 00:59:34.041737   50396 watch.go:31] Failed to load config from "c:\\Users\\scott\\OneDrive\\Desktop\\desktop.stoicaf.co\\dataconnect": could not find dataconnect.yaml in `c:\Users\scott\OneDrive\Desktop\desktop.stoicaf.co\dataconnect`
 {"metadata":{"emulator":{"name":"dataconnect"},"message":"E1122 00:59:34.041737   50396 watch.go:31] Failed to load config from \"c:\\\\Users\\\\scott\\\\OneDrive\\\\Desktop\\\\desktop.stoicaf.co\\\\dataconnect\": could not find dataconnect.yaml in `c:\\Users\\scott\\OneDrive\\Desktop\\desktop.stoicaf.co\\dataconnect`\n"}}
[debug] [2025-11-22T05:59:44.042Z] E1122 00:59:44.041857   50396 watch.go:31] Failed to load config from "c:\\Users\\scott\\OneDrive\\Desktop\\desktop.stoicaf.co\\dataconnect": could not find dataconnect.yaml in `c:\Users\scott\OneDrive\Desktop\desktop.stoicaf.co\dataconnect`
 {"metadata":{"emulator":{"name":"dataconnect"},"message":"E1122 00:59:44.041857   50396 watch.go:31] Failed to load config from \"c:\\\\Users\\\\scott\\\\OneDrive\\\\Desktop\\\\desktop.stoicaf.co\\\\dataconnect\": could not find dataconnect.yaml in `c:\\Users\\scott\\OneDrive\\Desktop\\desktop.stoicaf.co\\dataconnect`\n"}}
[debug] [2025-11-22T05:59:54.043Z] E1122 00:59:54.043277   50396 watch.go:31] Failed to load config from "c:\\Users\\scott\\OneDrive\\Desktop\\desktop.stoicaf.co\\dataconnect": could not find dataconnect.yaml in `c:\Users\scott\OneDrive\Desktop\desktop.stoicaf.co\dataconnect`
 {"metadata":{"emulator":{"name":"dataconnect"},"message":"E1122 00:59:54.043277   50396 watch.go:31] Failed to load config from \"c:\\\\Users\\\\scott\\\\OneDrive\\\\Desktop\\\\desktop.stoicaf.co\\\\dataconnect\": could not find dataconnect.yaml in `c:\\Users\\scott\\OneDrive\\Desktop\\desktop.stoicaf.co\\dataconnect`\n"}}
[debug] [2025-11-22T06:00:04.042Z] E1122 01:00:04.042575   50396 watch.go:31] Failed to load config from "c:\\Users\\scott\\OneDrive\\Desktop\\desktop.stoicaf.co\\dataconnect": could not find dataconnect.yaml in `c:\Users\scott\OneDrive\Desktop\desktop.stoicaf.co\dataconnect`
 {"metadata":{"emulator":{"name":"dataconnect"},"message":"E1122 01:00:04.042575   50396 watch.go:31] Failed to load config from \"c:\\\\Users\\\\scott\\\\OneDrive\\\\Desktop\\\\desktop.stoicaf.co\\\\dataconnect\": could not find dataconnect.yaml in `c:\\Users\\scott\\OneDrive\\Desktop\\desktop.stoicaf.co\\dataconnect`\n"}}
[debug] [2025-11-22T06:00:14.042Z] E1122 01:00:14.041432   50396 watch.go:31] Failed to load config from "c:\\Users\\scott\\OneDrive\\Desktop\\desktop.stoicaf.co\\dataconnect": could not find dataconnect.yaml in `c:\Users\scott\OneDrive\Desktop\desktop.stoicaf.co\dataconnect`
 {"metadata":{"emulator":{"name":"dataconnect"},"message":"E1122 01:00:14.041432   50396 watch.go:31] Failed to load config from \"c:\\\\Users\\\\scott\\\\OneDrive\\\\Desktop\\\\desktop.stoicaf.co\\\\dataconnect\": could not find dataconnect.yaml in `c:\\Users\\scott\\OneDrive\\Desktop\\desktop.stoicaf.co\\dataconnect`\n"}}
[debug] [2025-11-22T06:00:24.051Z] E1122 01:00:24.051136   50396 watch.go:31] Failed to load config from "c:\\Users\\scott\\OneDrive\\Desktop\\desktop.stoicaf.co\\dataconnect": could not find dataconnect.yaml in `c:\Users\scott\OneDrive\Desktop\desktop.stoicaf.co\dataconnect`
 {"metadata":{"emulator":{"name":"dataconnect"},"message":"E1122 01:00:24.051136   50396 watch.go:31] Failed to load config from \"c:\\\\Users\\\\scott\\\\OneDrive\\\\Desktop\\\\desktop.stoicaf.co\\\\dataconnect\": could not find dataconnect.yaml in `c:\\Users\\scott\\OneDrive\\Desktop\\desktop.stoicaf.co\\dataconnect`\n"}}
[debug] [2025-11-22T06:00:34.042Z] E1122 01:00:34.041915   50396 watch.go:31] Failed to load config from "c:\\Users\\scott\\OneDrive\\Desktop\\desktop.stoicaf.co\\dataconnect": could not find dataconnect.yaml in `c:\Users\scott\OneDrive\Desktop\desktop.stoicaf.co\dataconnect`
 {"metadata":{"emulator":{"name":"dataconnect"},"message":"E1122 01:00:34.041915   50396 watch.go:31] Failed to load config from \"c:\\\\Users\\\\scott\\\\OneDrive\\\\Desktop\\\\desktop.stoicaf.co\\\\dataconnect\": could not find dataconnect.yaml in `c:\\Users\\scott\\OneDrive\\Desktop\\desktop.stoicaf.co\\dataconnect`\n"}}
[debug] [2025-11-22T06:00:44.042Z] E1122 01:00:44.041638   50396 watch.go:31] Failed to load config from "c:\\Users\\scott\\OneDrive\\Desktop\\desktop.stoicaf.co\\dataconnect": could not find dataconnect.yaml in `c:\Users\scott\OneDrive\Desktop\desktop.stoicaf.co\dataconnect`
 {"metadata":{"emulator":{"name":"dataconnect"},"message":"E1122 01:00:44.041638   50396 watch.go:31] Failed to load config from \"c:\\\\Users\\\\scott\\\\OneDrive\\\\Desktop\\\\desktop.stoicaf.co\\\\dataconnect\": could not find dataconnect.yaml in `c:\\Users\\scott\\OneDrive\\Desktop\\desktop.stoicaf.co\\dataconnect`\n"}}
[debug] [2025-11-22T06:00:54.042Z] E1122 01:00:54.042101   50396 watch.go:31] Failed to load config from "c:\\Users\\scott\\OneDrive\\Desktop\\desktop.stoicaf.co\\dataconnect": could not find dataconnect.yaml in `c:\Users\scott\OneDrive\Desktop\desktop.stoicaf.co\dataconnect`
E1122 01:00:54.042648   50396 watch.go:102] watchAllDir unable to walk dir `c:\Users\scott\OneDrive\Desktop\desktop.stoicaf.co\dataconnect`: CreateFile c:\Users\scott\OneDrive\Desktop\desktop.stoicaf.co\dataconnect: The system cannot find the file specified.
 {"metadata":{"emulator":{"name":"dataconnect"},"message":"E1122 01:00:54.042101   50396 watch.go:31] Failed to load config from \"c:\\\\Users\\\\scott\\\\OneDrive\\\\Desktop\\\\desktop.stoicaf.co\\\\dataconnect\": could not find dataconnect.yaml in `c:\\Users\\scott\\OneDrive\\Desktop\\desktop.stoicaf.co\\dataconnect`\nE1122 01:00:54.042648   50396 watch.go:102] watchAllDir unable to walk dir `c:\\Users\\scott\\OneDrive\\Desktop\\desktop.stoicaf.co\\dataconnect`: CreateFile c:\\Users\\scott\\OneDrive\\Desktop\\desktop.stoicaf.co\\dataconnect: The system cannot find the file specified.\n"}}
[debug] [2025-11-22T06:01:04.042Z] E1122 01:01:04.041617   50396 watch.go:31] Failed to load config from "c:\\Users\\scott\\OneDrive\\Desktop\\desktop.stoicaf.co\\dataconnect": could not find dataconnect.yaml in `c:\Users\scott\OneDrive\Desktop\desktop.stoicaf.co\dataconnect`
 {"metadata":{"emulator":{"name":"dataconnect"},"message":"E1122 01:01:04.041617   50396 watch.go:31] Failed to load config from \"c:\\\\Users\\\\scott\\\\OneDrive\\\\Desktop\\\\desktop.stoicaf.co\\\\dataconnect\": could not find dataconnect.yaml in `c:\\Users\\scott\\OneDrive\\Desktop\\desktop.stoicaf.co\\dataconnect`\n"}}
[debug] [2025-11-22T06:01:14.041Z] E1122 01:01:14.041557   50396 watch.go:31] Failed to load config from "c:\\Users\\scott\\OneDrive\\Desktop\\desktop.stoicaf.co\\dataconnect": could not find dataconnect.yaml in `c:\Users\scott\OneDrive\Desktop\desktop.stoicaf.co\dataconnect`
 {"metadata":{"emulator":{"name":"dataconnect"},"message":"E1122 01:01:14.041557   50396 watch.go:31] Failed to load config from \"c:\\\\Users\\\\scott\\\\OneDrive\\\\Desktop\\\\desktop.stoicaf.co\\\\dataconnect\": could not find dataconnect.yaml in `c:\\Users\\scott\\OneDrive\\Desktop\\desktop.stoicaf.co\\dataconnect`\n"}}
[debug] [2025-11-22T06:01:24.041Z] E1122 01:01:24.041480   50396 watch.go:31] Failed to load config from "c:\\Users\\scott\\OneDrive\\Desktop\\desktop.stoicaf.co\\dataconnect": could not find dataconnect.yaml in `c:\Users\scott\OneDrive\Desktop\desktop.stoicaf.co\dataconnect`
 {"metadata":{"emulator":{"name":"dataconnect"},"message":"E1122 01:01:24.041480   50396 watch.go:31] Failed to load config from \"c:\\\\Users\\\\scott\\\\OneDrive\\\\Desktop\\\\desktop.stoicaf.co\\\\dataconnect\": could not find dataconnect.yaml in `c:\\Users\\scott\\OneDrive\\Desktop\\desktop.stoicaf.co\\dataconnect`\n"}}
[debug] [2025-11-22T06:01:34.042Z] E1122 01:01:34.042006   50396 watch.go:31] Failed to load config from "c:\\Users\\scott\\OneDrive\\Desktop\\desktop.stoicaf.co\\dataconnect": could not find dataconnect.yaml in `c:\Users\scott\OneDrive\Desktop\desktop.stoicaf.co\dataconnect`
 {"metadata":{"emulator":{"name":"dataconnect"},"message":"E1122 01:01:34.042006   50396 watch.go:31] Failed to load config from \"c:\\\\Users\\\\scott\\\\OneDrive\\\\Desktop\\\\desktop.stoicaf.co\\\\dataconnect\": could not find dataconnect.yaml in `c:\\Users\\scott\\OneDrive\\Desktop\\desktop.stoicaf.co\\dataconnect`\n"}}
[debug] [2025-11-22T06:01:44.042Z] E1122 01:01:44.042705   50396 watch.go:31] Failed to load config from "c:\\Users\\scott\\OneDrive\\Desktop\\desktop.stoicaf.co\\dataconnect": could not find dataconnect.yaml in `c:\Users\scott\OneDrive\Desktop\desktop.stoicaf.co\dataconnect`
 {"metadata":{"emulator":{"name":"dataconnect"},"message":"E1122 01:01:44.042705   50396 watch.go:31] Failed to load config from \"c:\\\\Users\\\\scott\\\\OneDrive\\\\Desktop\\\\desktop.stoicaf.co\\\\dataconnect\": could not find dataconnect.yaml in `c:\\Users\\scott\\OneDrive\\Desktop\\desktop.stoicaf.co\\dataconnect`\n"}}
[debug] [2025-11-22T06:01:54.042Z] E1122 01:01:54.041652   50396 watch.go:31] Failed to load config from "c:\\Users\\scott\\OneDrive\\Desktop\\desktop.stoicaf.co\\dataconnect": could not find dataconnect.yaml in `c:\Users\scott\OneDrive\Desktop\desktop.stoicaf.co\dataconnect`
 {"metadata":{"emulator":{"name":"dataconnect"},"message":"E1122 01:01:54.041652   50396 watch.go:31] Failed to load config from \"c:\\\\Users\\\\scott\\\\OneDrive\\\\Desktop\\\\desktop.stoicaf.co\\\\dataconnect\": could not find dataconnect.yaml in `c:\\Users\\scott\\OneDrive\\Desktop\\desktop.stoicaf.co\\dataconnect`\n"}}
[debug] [2025-11-22T06:02:04.041Z] E1122 01:02:04.041288   50396 watch.go:31] Failed to load config from "c:\\Users\\scott\\OneDrive\\Desktop\\desktop.stoicaf.co\\dataconnect": could not find dataconnect.yaml in `c:\Users\scott\OneDrive\Desktop\desktop.stoicaf.co\dataconnect`
 {"metadata":{"emulator":{"name":"dataconnect"},"message":"E1122 01:02:04.041288   50396 watch.go:31] Failed to load config from \"c:\\\\Users\\\\scott\\\\OneDrive\\\\Desktop\\\\desktop.stoicaf.co\\\\dataconnect\": could not find dataconnect.yaml in `c:\\Users\\scott\\OneDrive\\Desktop\\desktop.stoicaf.co\\dataconnect`\n"}}
[debug] [2025-11-22T06:02:14.041Z] E1122 01:02:14.041403   50396 watch.go:31] Failed to load config from "c:\\Users\\scott\\OneDrive\\Desktop\\desktop.stoicaf.co\\dataconnect": could not find dataconnect.yaml in `c:\Users\scott\OneDrive\Desktop\desktop.stoicaf.co\dataconnect`
 {"metadata":{"emulator":{"name":"dataconnect"},"message":"E1122 01:02:14.041403   50396 watch.go:31] Failed to load config from \"c:\\\\Users\\\\scott\\\\OneDrive\\\\Desktop\\\\desktop.stoicaf.co\\\\dataconnect\": could not find dataconnect.yaml in `c:\\Users\\scott\\OneDrive\\Desktop\\desktop.stoicaf.co\\dataconnect`\n"}}
[debug] [2025-11-22T06:02:24.041Z] E1122 01:02:24.041517   50396 watch.go:31] Failed to load config from "c:\\Users\\scott\\OneDrive\\Desktop\\desktop.stoicaf.co\\dataconnect": could not find dataconnect.yaml in `c:\Users\scott\OneDrive\Desktop\desktop.stoicaf.co\dataconnect`
 {"metadata":{"emulator":{"name":"dataconnect"},"message":"E1122 01:02:24.041517   50396 watch.go:31] Failed to load config from \"c:\\\\Users\\\\scott\\\\OneDrive\\\\Desktop\\\\desktop.stoicaf.co\\\\dataconnect\": could not find dataconnect.yaml in `c:\\Users\\scott\\OneDrive\\Desktop\\desktop.stoicaf.co\\dataconnect`\n"}}
[debug] [2025-11-22T06:02:34.042Z] E1122 01:02:34.042407   50396 watch.go:31] Failed to load config from "c:\\Users\\scott\\OneDrive\\Desktop\\desktop.stoicaf.co\\dataconnect": could not find dataconnect.yaml in `c:\Users\scott\OneDrive\Desktop\desktop.stoicaf.co\dataconnect`
 {"metadata":{"emulator":{"name":"dataconnect"},"message":"E1122 01:02:34.042407   50396 watch.go:31] Failed to load config from \"c:\\\\Users\\\\scott\\\\OneDrive\\\\Desktop\\\\desktop.stoicaf.co\\\\dataconnect\": could not find dataconnect.yaml in `c:\\Users\\scott\\OneDrive\\Desktop\\desktop.stoicaf.co\\dataconnect`\n"}}
[debug] [2025-11-22T06:02:44.041Z] E1122 01:02:44.041363   50396 watch.go:31] Failed to load config from "c:\\Users\\scott\\OneDrive\\Desktop\\desktop.stoicaf.co\\dataconnect": could not find dataconnect.yaml in `c:\Users\scott\OneDrive\Desktop\desktop.stoicaf.co\dataconnect`
 {"metadata":{"emulator":{"name":"dataconnect"},"message":"E1122 01:02:44.041363   50396 watch.go:31] Failed to load config from \"c:\\\\Users\\\\scott\\\\OneDrive\\\\Desktop\\\\desktop.stoicaf.co\\\\dataconnect\": could not find dataconnect.yaml in `c:\\Users\\scott\\OneDrive\\Desktop\\desktop.stoicaf.co\\dataconnect`\n"}}
[debug] [2025-11-22T06:02:54.041Z] E1122 01:02:54.041500   50396 watch.go:31] Failed to load config from "c:\\Users\\scott\\OneDrive\\Desktop\\desktop.stoicaf.co\\dataconnect": could not find dataconnect.yaml in `c:\Users\scott\OneDrive\Desktop\desktop.stoicaf.co\dataconnect`
 {"metadata":{"emulator":{"name":"dataconnect"},"message":"E1122 01:02:54.041500   50396 watch.go:31] Failed to load config from \"c:\\\\Users\\\\scott\\\\OneDrive\\\\Desktop\\\\desktop.stoicaf.co\\\\dataconnect\": could not find dataconnect.yaml in `c:\\Users\\scott\\OneDrive\\Desktop\\desktop.stoicaf.co\\dataconnect`\n"}}
[debug] [2025-11-22T06:02:54.042Z] E1122 01:02:54.041500   50396 watch.go:102] watchAllDir unable to walk dir `c:\Users\scott\OneDrive\Desktop\desktop.stoicaf.co\dataconnect`: CreateFile c:\Users\scott\OneDrive\Desktop\desktop.stoicaf.co\dataconnect: The system cannot find the file specified.
 {"metadata":{"emulator":{"name":"dataconnect"},"message":"E1122 01:02:54.041500   50396 watch.go:102] watchAllDir unable to walk dir `c:\\Users\\scott\\OneDrive\\Desktop\\desktop.stoicaf.co\\dataconnect`: CreateFile c:\\Users\\scott\\OneDrive\\Desktop\\desktop.stoicaf.co\\dataconnect: The system cannot find the file specified.\n"}}
